Flow report for Parking-synthesis
Wed Jun 26 21:57:03 2024
Quartus II 64-Bit Version 13.1.0 Build 162 10/23/2013 SJ Web Edition


---------------------
; Table of Contents ;
---------------------
  1. Legal Notice
  2. Flow Summary
  3. Flow Settings
  4. Flow Non-Default Global Settings
  5. Flow Elapsed Time
  6. Flow OS Summary
  7. Flow Log
  8. Flow Messages
  9. Flow Suppressed Messages



----------------
; Legal Notice ;
----------------
Copyright (C) 1991-2013 Altera Corporation
Your use of Altera Corporation's design tools, logic functions 
and other software and tools, and its AMPP partner logic 
functions, and any output files from any of the foregoing 
(including device programming or simulation files), and any 
associated documentation or information are expressly subject 
to the terms and conditions of the Altera Program License 
Subscription Agreement, Altera MegaCore Function License 
Agreement, or other applicable license agreement, including, 
without limitation, that your use is for the sole purpose of 
programming logic devices manufactured by Altera and sold by 
Altera or its authorized distributors.  Please refer to the 
applicable agreement for further details.



+---------------------------------------------------------------------------------+
; Flow Summary                                                                    ;
+------------------------------------+--------------------------------------------+
; Flow Status                        ; Successful - Wed Jun 26 21:57:03 2024      ;
; Quartus II 64-Bit Version          ; 13.1.0 Build 162 10/23/2013 SJ Web Edition ;
; Revision Name                      ; Parking-synthesis                          ;
; Top-level Entity Name              ; CU                                         ;
; Family                             ; Cyclone IV GX                              ;
; Total logic elements               ; 711 / 29,440 ( 2 % )                       ;
;     Total combinational functions  ; 707 / 29,440 ( 2 % )                       ;
;     Dedicated logic registers      ; 192 / 29,440 ( < 1 % )                     ;
; Total registers                    ; 192                                        ;
; Total pins                         ; 167 / 307 ( 54 % )                         ;
; Total virtual pins                 ; 0                                          ;
; Total memory bits                  ; 0 / 1,105,920 ( 0 % )                      ;
; Embedded Multiplier 9-bit elements ; 0 / 160 ( 0 % )                            ;
; Total GXB Receiver Channel PCS     ; 0 / 4 ( 0 % )                              ;
; Total GXB Receiver Channel PMA     ; 0 / 4 ( 0 % )                              ;
; Total GXB Transmitter Channel PCS  ; 0 / 4 ( 0 % )                              ;
; Total GXB Transmitter Channel PMA  ; 0 / 4 ( 0 % )                              ;
; Total PLLs                         ; 0 / 6 ( 0 % )                              ;
; Device                             ; EP4CGX30CF23C6                             ;
; Timing Models                      ; Final                                      ;
+------------------------------------+--------------------------------------------+


+-----------------------------------------+
; Flow Settings                           ;
+-------------------+---------------------+
; Option            ; Setting             ;
+-------------------+---------------------+
; Start date & time ; 06/26/2024 21:56:01 ;
; Main task         ; Compilation         ;
; Revision Name     ; Parking-synthesis   ;
+-------------------+---------------------+


+------------------------------------------------------------------------------------------------------------------------+
; Flow Non-Default Global Settings                                                                                       ;
+-------------------------------------+-------------------------------+-------------------+-------------+----------------+
; Assignment Name                     ; Value                         ; Default Value     ; Entity Name ; Section Id     ;
+-------------------------------------+-------------------------------+-------------------+-------------+----------------+
; COMPILER_SIGNATURE_ID               ; 1099168648851.171942636115584 ; --                ; --          ; --             ;
; EDA_OUTPUT_DATA_FORMAT              ; Vhdl                          ; --                ; --          ; eda_simulation ;
; EDA_SIMULATION_TOOL                 ; ModelSim-Altera (VHDL)        ; <None>            ; --          ; --             ;
; PARTITION_COLOR                     ; 16764057                      ; --                ; CU          ; Top            ;
; PARTITION_FITTER_PRESERVATION_LEVEL ; PLACEMENT_AND_ROUTING         ; --                ; CU          ; Top            ;
; PARTITION_NETLIST_TYPE              ; SOURCE                        ; --                ; CU          ; Top            ;
; PROJECT_OUTPUT_DIRECTORY            ; output_files                  ; --                ; --          ; --             ;
; TOP_LEVEL_ENTITY                    ; CU                            ; Parking-synthesis ; --          ; --             ;
+-------------------------------------+-------------------------------+-------------------+-------------+----------------+


+-------------------------------------------------------------------------------------------------------------------------------+
; Flow Elapsed Time                                                                                                             ;
+---------------------------+--------------+-------------------------+---------------------+------------------------------------+
; Module Name               ; Elapsed Time ; Average Processors Used ; Peak Virtual Memory ; Total CPU Time (on all processors) ;
+---------------------------+--------------+-------------------------+---------------------+------------------------------------+
; Analysis & Synthesis      ; 00:00:02     ; 1.0                     ; 4722 MB             ; 00:00:02                           ;
; Fitter                    ; 00:00:37     ; 4.3                     ; 6326 MB             ; 00:00:27                           ;
; Assembler                 ; 00:00:05     ; 1.0                     ; 4661 MB             ; 00:00:04                           ;
; TimeQuest Timing Analyzer ; 00:00:06     ; 1.0                     ; 4868 MB             ; 00:00:04                           ;
; EDA Netlist Writer        ; 00:00:03     ; 1.0                     ; 4622 MB             ; 00:00:01                           ;
; Total                     ; 00:00:53     ; --                      ; --                  ; 00:00:38                           ;
+---------------------------+--------------+-------------------------+---------------------+------------------------------------+


+----------------------------------------------------------------------------------------+
; Flow OS Summary                                                                        ;
+---------------------------+------------------+-----------+------------+----------------+
; Module Name               ; Machine Hostname ; OS Name   ; OS Version ; Processor type ;
+---------------------------+------------------+-----------+------------+----------------+
; Analysis & Synthesis      ; Payea            ; Windows 7 ; 6.2        ; x86_64         ;
; Fitter                    ; Payea            ; Windows 7 ; 6.2        ; x86_64         ;
; Assembler                 ; Payea            ; Windows 7 ; 6.2        ; x86_64         ;
; TimeQuest Timing Analyzer ; Payea            ; Windows 7 ; 6.2        ; x86_64         ;
; EDA Netlist Writer        ; Payea            ; Windows 7 ; 6.2        ; x86_64         ;
+---------------------------+------------------+-----------+------------+----------------+


------------
; Flow Log ;
------------
quartus_map --read_settings_files=on --write_settings_files=off Parking-synthesis -c Parking-synthesis
quartus_fit --read_settings_files=off --write_settings_files=off Parking-synthesis -c Parking-synthesis
quartus_asm --read_settings_files=off --write_settings_files=off Parking-synthesis -c Parking-synthesis
quartus_sta Parking-synthesis -c Parking-synthesis
quartus_eda --read_settings_files=off --write_settings_files=off Parking-synthesis -c Parking-synthesis



