Analysis & Synthesis report for Parking-synthesis
Wed Jun 26 21:56:03 2024
Quartus II 64-Bit Version 13.1.0 Build 162 10/23/2013 SJ Web Edition


---------------------
; Table of Contents ;
---------------------
  1. Legal Notice
  2. Analysis & Synthesis Summary
  3. Analysis & Synthesis Settings
  4. Parallel Compilation
  5. Analysis & Synthesis Source Files Read
  6. Analysis & Synthesis Resource Usage Summary
  7. Analysis & Synthesis Resource Utilization by Entity
  8. User-Specified and Inferred Latches
  9. General Register Statistics
 10. Elapsed Time Per Partition
 11. Analysis & Synthesis Messages
 12. Analysis & Synthesis Suppressed Messages



----------------
; Legal Notice ;
----------------
Copyright (C) 1991-2013 Altera Corporation
Your use of Altera Corporation's design tools, logic functions 
and other software and tools, and its AMPP partner logic 
functions, and any output files from any of the foregoing 
(including device programming or simulation files), and any 
associated documentation or information are expressly subject 
to the terms and conditions of the Altera Program License 
Subscription Agreement, Altera MegaCore Function License 
Agreement, or other applicable license agreement, including, 
without limitation, that your use is for the sole purpose of 
programming logic devices manufactured by Altera and sold by 
Altera or its authorized distributors.  Please refer to the 
applicable agreement for further details.



+---------------------------------------------------------------------------------+
; Analysis & Synthesis Summary                                                    ;
+------------------------------------+--------------------------------------------+
; Analysis & Synthesis Status        ; Successful - Wed Jun 26 21:56:03 2024      ;
; Quartus II 64-Bit Version          ; 13.1.0 Build 162 10/23/2013 SJ Web Edition ;
; Revision Name                      ; Parking-synthesis                          ;
; Top-level Entity Name              ; CU                                         ;
; Family                             ; Cyclone IV GX                              ;
; Total logic elements               ; 707                                        ;
;     Total combinational functions  ; 707                                        ;
;     Dedicated logic registers      ; 192                                        ;
; Total registers                    ; 192                                        ;
; Total pins                         ; 167                                        ;
; Total virtual pins                 ; 0                                          ;
; Total memory bits                  ; 0                                          ;
; Embedded Multiplier 9-bit elements ; 0                                          ;
; Total GXB Receiver Channel PCS     ; 0                                          ;
; Total GXB Receiver Channel PMA     ; 0                                          ;
; Total GXB Transmitter Channel PCS  ; 0                                          ;
; Total GXB Transmitter Channel PMA  ; 0                                          ;
; Total PLLs                         ; 0                                          ;
+------------------------------------+--------------------------------------------+


+----------------------------------------------------------------------------------------------------------------------+
; Analysis & Synthesis Settings                                                                                        ;
+----------------------------------------------------------------------------+--------------------+--------------------+
; Option                                                                     ; Setting            ; Default Value      ;
+----------------------------------------------------------------------------+--------------------+--------------------+
; Top-level entity name                                                      ; CU                 ; Parking-synthesis  ;
; Family name                                                                ; Cyclone IV GX      ; Cyclone IV GX      ;
; Use smart compilation                                                      ; Off                ; Off                ;
; Enable parallel Assembler and TimeQuest Timing Analyzer during compilation ; On                 ; On                 ;
; Enable compact report table                                                ; Off                ; Off                ;
; Restructure Multiplexers                                                   ; Auto               ; Auto               ;
; Create Debugging Nodes for IP Cores                                        ; Off                ; Off                ;
; Preserve fewer node names                                                  ; On                 ; On                 ;
; Disable OpenCore Plus hardware evaluation                                  ; Off                ; Off                ;
; Verilog Version                                                            ; Verilog_2001       ; Verilog_2001       ;
; VHDL Version                                                               ; VHDL_1993          ; VHDL_1993          ;
; State Machine Processing                                                   ; Auto               ; Auto               ;
; Safe State Machine                                                         ; Off                ; Off                ;
; Extract Verilog State Machines                                             ; On                 ; On                 ;
; Extract VHDL State Machines                                                ; On                 ; On                 ;
; Ignore Verilog initial constructs                                          ; Off                ; Off                ;
; Iteration limit for constant Verilog loops                                 ; 5000               ; 5000               ;
; Iteration limit for non-constant Verilog loops                             ; 250                ; 250                ;
; Add Pass-Through Logic to Inferred RAMs                                    ; On                 ; On                 ;
; Infer RAMs from Raw Logic                                                  ; On                 ; On                 ;
; Parallel Synthesis                                                         ; On                 ; On                 ;
; DSP Block Balancing                                                        ; Auto               ; Auto               ;
; NOT Gate Push-Back                                                         ; On                 ; On                 ;
; Power-Up Don't Care                                                        ; On                 ; On                 ;
; Remove Redundant Logic Cells                                               ; Off                ; Off                ;
; Remove Duplicate Registers                                                 ; On                 ; On                 ;
; Ignore CARRY Buffers                                                       ; Off                ; Off                ;
; Ignore CASCADE Buffers                                                     ; Off                ; Off                ;
; Ignore GLOBAL Buffers                                                      ; Off                ; Off                ;
; Ignore ROW GLOBAL Buffers                                                  ; Off                ; Off                ;
; Ignore LCELL Buffers                                                       ; Off                ; Off                ;
; Ignore SOFT Buffers                                                        ; On                 ; On                 ;
; Limit AHDL Integers to 32 Bits                                             ; Off                ; Off                ;
; Optimization Technique                                                     ; Balanced           ; Balanced           ;
; Carry Chain Length                                                         ; 70                 ; 70                 ;
; Auto Carry Chains                                                          ; On                 ; On                 ;
; Auto Open-Drain Pins                                                       ; On                 ; On                 ;
; Perform WYSIWYG Primitive Resynthesis                                      ; Off                ; Off                ;
; Auto ROM Replacement                                                       ; On                 ; On                 ;
; Auto RAM Replacement                                                       ; On                 ; On                 ;
; Auto DSP Block Replacement                                                 ; On                 ; On                 ;
; Auto Shift Register Replacement                                            ; Auto               ; Auto               ;
; Allow Shift Register Merging across Hierarchies                            ; Auto               ; Auto               ;
; Auto Clock Enable Replacement                                              ; On                 ; On                 ;
; Strict RAM Replacement                                                     ; Off                ; Off                ;
; Allow Synchronous Control Signals                                          ; On                 ; On                 ;
; Force Use of Synchronous Clear Signals                                     ; Off                ; Off                ;
; Auto RAM Block Balancing                                                   ; On                 ; On                 ;
; Auto RAM to Logic Cell Conversion                                          ; Off                ; Off                ;
; Auto Resource Sharing                                                      ; Off                ; Off                ;
; Allow Any RAM Size For Recognition                                         ; Off                ; Off                ;
; Allow Any ROM Size For Recognition                                         ; Off                ; Off                ;
; Allow Any Shift Register Size For Recognition                              ; Off                ; Off                ;
; Use LogicLock Constraints during Resource Balancing                        ; On                 ; On                 ;
; Ignore translate_off and synthesis_off directives                          ; Off                ; Off                ;
; Timing-Driven Synthesis                                                    ; On                 ; On                 ;
; Report Parameter Settings                                                  ; On                 ; On                 ;
; Report Source Assignments                                                  ; On                 ; On                 ;
; Report Connectivity Checks                                                 ; On                 ; On                 ;
; Ignore Maximum Fan-Out Assignments                                         ; Off                ; Off                ;
; Synchronization Register Chain Length                                      ; 2                  ; 2                  ;
; PowerPlay Power Optimization                                               ; Normal compilation ; Normal compilation ;
; HDL message level                                                          ; Level2             ; Level2             ;
; Suppress Register Optimization Related Messages                            ; Off                ; Off                ;
; Number of Removed Registers Reported in Synthesis Report                   ; 5000               ; 5000               ;
; Number of Swept Nodes Reported in Synthesis Report                         ; 5000               ; 5000               ;
; Number of Inverted Registers Reported in Synthesis Report                  ; 100                ; 100                ;
; Clock MUX Protection                                                       ; On                 ; On                 ;
; Auto Gated Clock Conversion                                                ; Off                ; Off                ;
; Block Design Naming                                                        ; Auto               ; Auto               ;
; SDC constraint protection                                                  ; Off                ; Off                ;
; Synthesis Effort                                                           ; Auto               ; Auto               ;
; Shift Register Replacement - Allow Asynchronous Clear Signal               ; On                 ; On                 ;
; Pre-Mapping Resynthesis Optimization                                       ; Off                ; Off                ;
; Analysis & Synthesis Message Level                                         ; Medium             ; Medium             ;
; Disable Register Merging Across Hierarchies                                ; Auto               ; Auto               ;
; Resource Aware Inference For Block RAM                                     ; On                 ; On                 ;
; Synthesis Seed                                                             ; 1                  ; 1                  ;
+----------------------------------------------------------------------------+--------------------+--------------------+


+------------------------------------------+
; Parallel Compilation                     ;
+----------------------------+-------------+
; Processors                 ; Number      ;
+----------------------------+-------------+
; Number detected on machine ; 16          ;
; Maximum allowed            ; 16          ;
;                            ;             ;
; Average used               ; 1.00        ;
; Maximum used               ; 1           ;
;                            ;             ;
; Usage by Processor         ; % Time Used ;
;     Processor 1            ; 100.0%      ;
;     Processors 2-16        ;   0.0%      ;
+----------------------------+-------------+


+-----------------------------------------------------------------------------------------------------------------------------------+
; Analysis & Synthesis Source Files Read                                                                                            ;
+----------------------------------+-----------------+------------------------+-------------------------------------------+---------+
; File Name with User-Entered Path ; Used in Netlist ; File Type              ; File Name with Absolute Path              ; Library ;
+----------------------------------+-----------------+------------------------+-------------------------------------------+---------+
; CU.v                             ; yes             ; User Verilog HDL File  ; C:/altera/13.1/Dsd/Parking-synthesis/CU.v ;         ;
+----------------------------------+-----------------+------------------------+-------------------------------------------+---------+


+----------------------------------------------+
; Analysis & Synthesis Resource Usage Summary  ;
+--------------------------+-------------------+
; Resource                 ; Usage             ;
+--------------------------+-------------------+
; I/O pins                 ; 167               ;
; DSP block 9-bit elements ; 0                 ;
; Maximum fan-out node     ; car_entered~input ;
; Maximum fan-out          ; 64                ;
; Total fan-out            ; 2722              ;
; Average fan-out          ; 2.21              ;
+--------------------------+-------------------+


+-----------------------------------------------------------------------------------------------------------------------------------------------------------------------------------------+
; Analysis & Synthesis Resource Utilization by Entity                                                                                                                                     ;
+----------------------------+-------------------+--------------+-------------+--------------+---------+-----------+-----------+------+--------------+---------------------+--------------+
; Compilation Hierarchy Node ; LC Combinationals ; LC Registers ; Memory Bits ; DSP Elements ; DSP 9x9 ; DSP 18x18 ; DSP 36x36 ; Pins ; Virtual Pins ; Full Hierarchy Name ; Library Name ;
+----------------------------+-------------------+--------------+-------------+--------------+---------+-----------+-----------+------+--------------+---------------------+--------------+
; |CU                        ; 707 (707)         ; 192 (192)    ; 0           ; 0            ; 0       ; 0         ; 0         ; 167  ; 0            ; |CU                 ; work         ;
+----------------------------+-------------------+--------------+-------------+--------------+---------+-----------+-----------+------+--------------+---------------------+--------------+
Note: For table entries with two numbers listed, the numbers in parentheses indicate the number of resources of the given type used by the specific entity alone. The numbers listed outside of parentheses indicate the total resources of the given type used by the specific entity and all of its sub-entities in the hierarchy.


+-----------------------------------------------------------------------------------------------------+
; User-Specified and Inferred Latches                                                                 ;
+-----------------------------------------------------+----------------------+------------------------+
; Latch Name                                          ; Latch Enable Signal  ; Free of Timing Hazards ;
+-----------------------------------------------------+----------------------+------------------------+
; max_vacated_space[31]                               ; max_vacated_space[2] ; yes                    ;
; max_vacated_space[30]                               ; max_vacated_space[2] ; yes                    ;
; max_vacated_space[29]                               ; max_vacated_space[2] ; yes                    ;
; max_vacated_space[28]                               ; max_vacated_space[2] ; yes                    ;
; max_vacated_space[27]                               ; max_vacated_space[2] ; yes                    ;
; max_vacated_space[26]                               ; max_vacated_space[2] ; yes                    ;
; max_vacated_space[25]                               ; max_vacated_space[2] ; yes                    ;
; max_vacated_space[24]                               ; max_vacated_space[2] ; yes                    ;
; max_vacated_space[23]                               ; max_vacated_space[2] ; yes                    ;
; max_vacated_space[22]                               ; max_vacated_space[2] ; yes                    ;
; max_vacated_space[21]                               ; max_vacated_space[2] ; yes                    ;
; max_vacated_space[20]                               ; max_vacated_space[2] ; yes                    ;
; max_vacated_space[19]                               ; max_vacated_space[2] ; yes                    ;
; max_vacated_space[18]                               ; max_vacated_space[2] ; yes                    ;
; max_vacated_space[17]                               ; max_vacated_space[2] ; yes                    ;
; max_vacated_space[16]                               ; max_vacated_space[2] ; yes                    ;
; max_vacated_space[15]                               ; max_vacated_space[2] ; yes                    ;
; max_vacated_space[14]                               ; max_vacated_space[2] ; yes                    ;
; max_vacated_space[13]                               ; max_vacated_space[2] ; yes                    ;
; max_vacated_space[12]                               ; max_vacated_space[2] ; yes                    ;
; max_vacated_space[11]                               ; max_vacated_space[2] ; yes                    ;
; max_vacated_space[10]                               ; max_vacated_space[2] ; yes                    ;
; max_vacated_space[9]                                ; max_vacated_space[2] ; yes                    ;
; max_vacated_space[8]                                ; max_vacated_space[2] ; yes                    ;
; max_vacated_space[7]                                ; max_vacated_space[2] ; yes                    ;
; max_vacated_space[6]                                ; max_vacated_space[2] ; yes                    ;
; max_vacated_space[5]                                ; max_vacated_space[2] ; yes                    ;
; max_vacated_space[4]                                ; max_vacated_space[2] ; yes                    ;
; max_vacated_space[3]                                ; max_vacated_space[2] ; yes                    ;
; max_vacated_space[2]                                ; max_vacated_space[2] ; yes                    ;
; max_vacated_space[1]                                ; max_vacated_space[2] ; yes                    ;
; Number of user-specified and inferred latches = 31  ;                      ;                        ;
+-----------------------------------------------------+----------------------+------------------------+
Note: All latches listed above may not be present at the end of synthesis due to various synthesis optimizations.


+------------------------------------------------------+
; General Register Statistics                          ;
+----------------------------------------------+-------+
; Statistic                                    ; Value ;
+----------------------------------------------+-------+
; Total registers                              ; 192   ;
; Number of registers using Synchronous Clear  ; 0     ;
; Number of registers using Synchronous Load   ; 0     ;
; Number of registers using Asynchronous Clear ; 0     ;
; Number of registers using Asynchronous Load  ; 0     ;
; Number of registers using Clock Enable       ; 155   ;
; Number of registers using Preset             ; 0     ;
+----------------------------------------------+-------+


+-------------------------------+
; Elapsed Time Per Partition    ;
+----------------+--------------+
; Partition Name ; Elapsed Time ;
+----------------+--------------+
; Top            ; 00:00:01     ;
+----------------+--------------+


+-------------------------------+
; Analysis & Synthesis Messages ;
+-------------------------------+
Info: *******************************************************************
Info: Running Quartus II 64-Bit Analysis & Synthesis
    Info: Version 13.1.0 Build 162 10/23/2013 SJ Web Edition
    Info: Processing started: Wed Jun 26 21:56:01 2024
Info: Command: quartus_map --read_settings_files=on --write_settings_files=off Parking-synthesis -c Parking-synthesis
Info (20030): Parallel compilation is enabled and will use 16 of the 16 processors detected
Info (12021): Found 1 design units, including 1 entities, in source file cu.v
    Info (12023): Found entity 1: CU
Info (12127): Elaborating entity "CU" for the top level hierarchy
Warning (10235): Verilog HDL Always Construct warning at CU.v(27): variable "max_vacated_space" is read inside the Always Construct but isn't in the Always Construct's Event Control
Warning (10235): Verilog HDL Always Construct warning at CU.v(29): variable "max_vacated_space" is read inside the Always Construct but isn't in the Always Construct's Event Control
Warning (10240): Verilog HDL Always Construct warning at CU.v(25): inferring latch(es) for variable "max_vacated_space", which holds its previous value in one or more paths through the always construct
Info (10041): Inferred latch for "max_vacated_space[1]" at CU.v(28)
Info (10041): Inferred latch for "max_vacated_space[2]" at CU.v(28)
Info (10041): Inferred latch for "max_vacated_space[3]" at CU.v(28)
Info (10041): Inferred latch for "max_vacated_space[4]" at CU.v(28)
Info (10041): Inferred latch for "max_vacated_space[5]" at CU.v(28)
Info (10041): Inferred latch for "max_vacated_space[6]" at CU.v(28)
Info (10041): Inferred latch for "max_vacated_space[7]" at CU.v(28)
Info (10041): Inferred latch for "max_vacated_space[8]" at CU.v(28)
Info (10041): Inferred latch for "max_vacated_space[9]" at CU.v(28)
Info (10041): Inferred latch for "max_vacated_space[10]" at CU.v(28)
Info (10041): Inferred latch for "max_vacated_space[11]" at CU.v(28)
Info (10041): Inferred latch for "max_vacated_space[12]" at CU.v(28)
Info (10041): Inferred latch for "max_vacated_space[13]" at CU.v(28)
Info (10041): Inferred latch for "max_vacated_space[14]" at CU.v(28)
Info (10041): Inferred latch for "max_vacated_space[15]" at CU.v(28)
Info (10041): Inferred latch for "max_vacated_space[16]" at CU.v(28)
Info (10041): Inferred latch for "max_vacated_space[17]" at CU.v(28)
Info (10041): Inferred latch for "max_vacated_space[18]" at CU.v(28)
Info (10041): Inferred latch for "max_vacated_space[19]" at CU.v(28)
Info (10041): Inferred latch for "max_vacated_space[20]" at CU.v(28)
Info (10041): Inferred latch for "max_vacated_space[21]" at CU.v(28)
Info (10041): Inferred latch for "max_vacated_space[22]" at CU.v(28)
Info (10041): Inferred latch for "max_vacated_space[23]" at CU.v(28)
Info (10041): Inferred latch for "max_vacated_space[24]" at CU.v(28)
Info (10041): Inferred latch for "max_vacated_space[25]" at CU.v(28)
Info (10041): Inferred latch for "max_vacated_space[26]" at CU.v(28)
Info (10041): Inferred latch for "max_vacated_space[27]" at CU.v(28)
Info (10041): Inferred latch for "max_vacated_space[28]" at CU.v(28)
Info (10041): Inferred latch for "max_vacated_space[29]" at CU.v(28)
Info (10041): Inferred latch for "max_vacated_space[30]" at CU.v(28)
Info (10041): Inferred latch for "max_vacated_space[31]" at CU.v(28)
Warning (13012): Latch max_vacated_space[31] has unsafe behavior
    Warning (13013): Ports D and ENA on the latch are fed by the same signal hour[31]~reg0
Warning (13012): Latch max_vacated_space[30] has unsafe behavior
    Warning (13013): Ports D and ENA on the latch are fed by the same signal hour[31]~reg0
Warning (13012): Latch max_vacated_space[29] has unsafe behavior
    Warning (13013): Ports D and ENA on the latch are fed by the same signal hour[31]~reg0
Warning (13012): Latch max_vacated_space[28] has unsafe behavior
    Warning (13013): Ports D and ENA on the latch are fed by the same signal hour[31]~reg0
Warning (13012): Latch max_vacated_space[27] has unsafe behavior
    Warning (13013): Ports D and ENA on the latch are fed by the same signal hour[31]~reg0
Warning (13012): Latch max_vacated_space[26] has unsafe behavior
    Warning (13013): Ports D and ENA on the latch are fed by the same signal hour[31]~reg0
Warning (13012): Latch max_vacated_space[25] has unsafe behavior
    Warning (13013): Ports D and ENA on the latch are fed by the same signal hour[31]~reg0
Warning (13012): Latch max_vacated_space[24] has unsafe behavior
    Warning (13013): Ports D and ENA on the latch are fed by the same signal hour[31]~reg0
Warning (13012): Latch max_vacated_space[23] has unsafe behavior
    Warning (13013): Ports D and ENA on the latch are fed by the same signal hour[31]~reg0
Warning (13012): Latch max_vacated_space[22] has unsafe behavior
    Warning (13013): Ports D and ENA on the latch are fed by the same signal hour[31]~reg0
Warning (13012): Latch max_vacated_space[21] has unsafe behavior
    Warning (13013): Ports D and ENA on the latch are fed by the same signal hour[31]~reg0
Warning (13012): Latch max_vacated_space[20] has unsafe behavior
    Warning (13013): Ports D and ENA on the latch are fed by the same signal hour[31]~reg0
Warning (13012): Latch max_vacated_space[19] has unsafe behavior
    Warning (13013): Ports D and ENA on the latch are fed by the same signal hour[31]~reg0
Warning (13012): Latch max_vacated_space[18] has unsafe behavior
    Warning (13013): Ports D and ENA on the latch are fed by the same signal hour[31]~reg0
Warning (13012): Latch max_vacated_space[17] has unsafe behavior
    Warning (13013): Ports D and ENA on the latch are fed by the same signal hour[31]~reg0
Warning (13012): Latch max_vacated_space[16] has unsafe behavior
    Warning (13013): Ports D and ENA on the latch are fed by the same signal hour[31]~reg0
Warning (13012): Latch max_vacated_space[15] has unsafe behavior
    Warning (13013): Ports D and ENA on the latch are fed by the same signal hour[31]~reg0
Warning (13012): Latch max_vacated_space[14] has unsafe behavior
    Warning (13013): Ports D and ENA on the latch are fed by the same signal hour[31]~reg0
Warning (13012): Latch max_vacated_space[13] has unsafe behavior
    Warning (13013): Ports D and ENA on the latch are fed by the same signal hour[31]~reg0
Warning (13012): Latch max_vacated_space[12] has unsafe behavior
    Warning (13013): Ports D and ENA on the latch are fed by the same signal hour[31]~reg0
Warning (13012): Latch max_vacated_space[11] has unsafe behavior
    Warning (13013): Ports D and ENA on the latch are fed by the same signal hour[31]~reg0
Warning (13012): Latch max_vacated_space[10] has unsafe behavior
    Warning (13013): Ports D and ENA on the latch are fed by the same signal hour[31]~reg0
Warning (13012): Latch max_vacated_space[9] has unsafe behavior
    Warning (13013): Ports D and ENA on the latch are fed by the same signal hour[31]~reg0
Warning (13012): Latch max_vacated_space[8] has unsafe behavior
    Warning (13013): Ports D and ENA on the latch are fed by the same signal hour[31]~reg0
Warning (13012): Latch max_vacated_space[7] has unsafe behavior
    Warning (13013): Ports D and ENA on the latch are fed by the same signal hour[31]~reg0
Warning (13012): Latch max_vacated_space[6] has unsafe behavior
    Warning (13013): Ports D and ENA on the latch are fed by the same signal hour[31]~reg0
Warning (13012): Latch max_vacated_space[5] has unsafe behavior
    Warning (13013): Ports D and ENA on the latch are fed by the same signal hour[31]~reg0
Warning (13012): Latch max_vacated_space[4] has unsafe behavior
    Warning (13013): Ports D and ENA on the latch are fed by the same signal hour[31]~reg0
Warning (13012): Latch max_vacated_space[3] has unsafe behavior
    Warning (13013): Ports D and ENA on the latch are fed by the same signal hour[31]~reg0
Warning (13012): Latch max_vacated_space[2] has unsafe behavior
    Warning (13013): Ports D and ENA on the latch are fed by the same signal hour[31]~reg0
Warning (13012): Latch max_vacated_space[1] has unsafe behavior
    Warning (13013): Ports D and ENA on the latch are fed by the same signal hour[31]~reg0
Info (286030): Timing-Driven Synthesis is running
Info (144001): Generated suppressed messages file C:/altera/13.1/Dsd/Parking-synthesis/output_files/Parking-synthesis.map.smsg
Info (16010): Generating hard_block partition "hard_block:auto_generated_inst"
    Info (16011): Adding 0 node(s), including 0 DDIO, 0 PLL, 0 transceiver and 0 LCELL
Info (21057): Implemented 874 device resources after synthesis - the final resource count might be different
    Info (21058): Implemented 5 input pins
    Info (21059): Implemented 162 output pins
    Info (21061): Implemented 707 logic cells
Info: Quartus II 64-Bit Analysis & Synthesis was successful. 0 errors, 65 warnings
    Info: Peak virtual memory: 4722 megabytes
    Info: Processing ended: Wed Jun 26 21:56:03 2024
    Info: Elapsed time: 00:00:02
    Info: Total CPU time (on all processors): 00:00:02


+------------------------------------------+
; Analysis & Synthesis Suppressed Messages ;
+------------------------------------------+
The suppressed messages can be found in C:/altera/13.1/Dsd/Parking-synthesis/output_files/Parking-synthesis.map.smsg.


